# JRE version: Java(TM) SE Runtime Environment (8.0_51-b16) (build 1.8.0_51-b16)
# Java VM: Java HotSpot(TM) 64-Bit Server VM (25.51-b03 mixed mode windows-amd64 compressed oops)
Heap:
 garbage-first heap   total 851968K, used 570024K [0x0000000080000000, 0x00000000820000d0, 0x0000000100000000)
  region size 32768K, 12 young (393216K), 2 survivors (65536K)
 Metaspace       used 52773K, capacity 53642K, committed 54272K, reserved 1095680K
  class space    used 7614K, capacity 7916K, committed 7936K, reserved 1048576K
GC Heap History (10 events):
Event: 8.819 GC heap before
{Heap before GC invocations=33 (full 0):
 garbage-first heap   total 851968K, used 566979K [0x0000000080000000, 0x00000000820000d0, 0x0000000100000000)
  region size 32768K, 12 young (393216K), 2 survivors (65536K)
 Metaspace       used 41322K, capacity 41912K, committed 42496K, reserved 1085440K
  class space    used 5593K, capacity 5793K, committed 5888K, reserved 1048576K
Event: 8.854 GC heap after
Heap after GC invocations=34 (full 0):
 garbage-first heap   total 851968K, used 260740K [0x0000000080000000, 0x00000000820000d0, 0x0000000100000000)
  region size 32768K, 2 young (65536K), 2 survivors (65536K)
 Metaspace       used 41322K, capacity 41912K, committed 42496K, reserved 1085440K
  class space    used 5593K, capacity 5793K, committed 5888K, reserved 1048576K
}
Event: 8.977 GC heap before
{Heap before GC invocations=34 (full 0):
 garbage-first heap   total 851968K, used 359044K [0x0000000080000000, 0x00000000820000d0, 0x0000000100000000)
  region size 32768K, 5 young (163840K), 2 survivors (65536K)
 Metaspace       used 42176K, capacity 42744K, committed 43136K, reserved 1087488K
  class space    used 5808K, capacity 5985K, committed 6016K, reserved 1048576K
Event: 8.994 GC heap after
Heap after GC invocations=35 (full 0):
 garbage-first heap   total 851968K, used 225949K [0x0000000080000000, 0x00000000820000d0, 0x0000000100000000)
  region size 32768K, 1 young (32768K), 1 survivors (32768K)
 Metaspace       used 42176K, capacity 42744K, committed 43136K, reserved 1087488K
  class space    used 5808K, capacity 5985K, committed 6016K, reserved 1048576K
}
Event: 9.211 GC heap before
{Heap before GC invocations=35 (full 0):
 garbage-first heap   total 851968K, used 357021K [0x0000000080000000, 0x00000000820000d0, 0x0000000100000000)
  region size 32768K, 5 young (163840K), 1 survivors (32768K)
 Metaspace       used 43648K, capacity 44180K, committed 44672K, reserved 1087488K
  class space    used 6005K, capacity 6197K, committed 6272K, reserved 1048576K
Event: 9.229 GC heap after
Heap after GC invocations=36 (full 0):
 garbage-first heap   total 851968K, used 211431K [0x0000000080000000, 0x00000000820000d0, 0x0000000100000000)
  region size 32768K, 1 young (32768K), 1 survivors (32768K)
 Metaspace       used 43648K, capacity 44180K, committed 44672K, reserved 1087488K
  class space    used 6005K, capacity 6197K, committed 6272K, reserved 1048576K
}
Event: 9.788 GC heap before
{Heap before GC invocations=36 (full 0):
 garbage-first heap   total 851968K, used 604647K [0x0000000080000000, 0x00000000820000d0, 0x0000000100000000)
  region size 32768K, 13 young (425984K), 1 survivors (32768K)
 Metaspace       used 48700K, capacity 49454K, committed 50048K, reserved 1091584K
  class space    used 6981K, capacity 7238K, committed 7296K, reserved 1048576K
Event: 9.802 GC heap after
Heap after GC invocations=37 (full 0):
 garbage-first heap   total 851968K, used 228190K [0x0000000080000000, 0x00000000820000d0, 0x0000000100000000)
  region size 32768K, 2 young (65536K), 2 survivors (65536K)
 Metaspace       used 48700K, capacity 49454K, committed 50048K, reserved 1091584K
  class space    used 6981K, capacity 7238K, committed 7296K, reserved 1048576K
}
Event: 10.289 GC heap before
{Heap before GC invocations=37 (full 0):
 garbage-first heap   total 851968K, used 555870K [0x0000000080000000, 0x00000000820000d0, 0x0000000100000000)
  region size 32768K, 12 young (393216K), 2 survivors (65536K)
 Metaspace       used 51263K, capacity 52076K, committed 52608K, reserved 1093632K
  class space    used 7451K, capacity 7769K, committed 7808K, reserved 1048576K
Event: 10.305 GC heap after
Heap after GC invocations=38 (full 0):
 garbage-first heap   total 851968K, used 242343K [0x0000000080000000, 0x00000000820000d0, 0x0000000100000000)
  region size 32768K, 2 young (65536K), 2 survivors (65536K)
 Metaspace       used 51263K, capacity 52076K, committed 52608K, reserved 1093632K
  class space    used 7451K, capacity 7769K, committed 7808K, reserved 1048576K
}

